{
  "RSpec": {
    "coverage": {
      "/home/matt/battle-cats/app/helpers/application_helper.rb": [
        1,
        null
      ],
      "/home/matt/battle-cats/app/helpers/sessions_helper.rb": [
        1,
        null,
        1,
        28,
        null,
        1,
        2,
        2,
        null,
        null,
        null,
        1,
        24,
        null,
        null,
        1,
        0,
        null,
        null
      ],
      "/home/matt/battle-cats/app/controllers/pets_controller.rb": [
        1,
        1,
        null,
        1,
        0,
        null,
        null,
        1,
        null,
        null,
        1,
        0,
        0,
        null,
        null,
        1,
        null,
        0,
        null,
        0,
        null,
        0,
        0,
        null,
        0,
        null,
        null,
        null,
        1,
        null,
        1,
        0,
        null,
        null,
        null,
        1,
        0,
        null,
        null,
        null
      ],
      "/home/matt/battle-cats/app/controllers/application_controller.rb": [
        1,
        1,
        null
      ],
      "/home/matt/battle-cats/app/controllers/sessions_controller.rb": [
        1,
        1,
        1,
        7,
        null,
        null,
        1,
        2,
        2,
        1,
        1,
        null,
        1,
        1,
        null,
        null,
        null,
        1,
        0,
        0,
        0,
        null,
        0,
        null,
        null,
        null,
        1,
        null,
        1,
        3,
        null,
        null
      ],
      "/home/matt/battle-cats/app/controllers/users_controller.rb": [
        1,
        1,
        null,
        1,
        6,
        6,
        null,
        null,
        1,
        9,
        9,
        5,
        5,
        null,
        4,
        null,
        null,
        null,
        1,
        null,
        3,
        null,
        null,
        null,
        null,
        1,
        null,
        1,
        3,
        null,
        null,
        1,
        9,
        null,
        null
      ],
      "/home/matt/battle-cats/app/models/pet.rb": [
        1,
        null,
        1,
        1,
        1,
        null,
        null,
        1,
        1,
        1,
        null,
        1,
        null
      ],
      "/home/matt/battle-cats/app/models/application_record.rb": [
        1,
        1,
        null
      ],
      "/home/matt/battle-cats/app/models/user.rb": [
        1,
        1,
        1,
        null,
        1,
        1,
        null,
        null,
        1,
        2,
        null,
        null,
        null,
        null
      ]
    },
    "timestamp": 1503112632
  }
}
