{
  "RSpec": {
    "coverage": {
      "/Users/apprentice/battle-cats/app/helpers/application_helper.rb": [
        1,
        null
      ],
      "/Users/apprentice/battle-cats/app/helpers/pets_helper.rb": [
        1,
        null,
        1,
        0,
        0,
        0,
        0,
        null,
        null,
        0,
        null,
        null
      ],
      "/Users/apprentice/battle-cats/app/helpers/sessions_helper.rb": [
        1,
        null,
        1,
        265,
        null,
        1,
        50,
        50,
        null,
        null,
        null,
        1,
        165,
        null,
        null,
        1,
        31,
        null,
        null
      ],
      "/Users/apprentice/battle-cats/app/controllers/pets_controller.rb": [
        1,
        1,
        null,
        1,
        null,
        1,
        4,
        4,
        null,
        null,
        1,
        null,
        null,
        null,
        1,
        5,
        5,
        5,
        null,
        null,
        1,
        2,
        null,
        null,
        null,
        null,
        2,
        2,
        null,
        2,
        2,
        null,
        0,
        null,
        null,
        null,
        1,
        5,
        5,
        5,
        null,
        5,
        9,
        6,
        null,
        null,
        null,
        null,
        1,
        2,
        2,
        null,
        null,
        1,
        3,
        3,
        3,
        2,
        null,
        1,
        null,
        null,
        null,
        1,
        1,
        1,
        1,
        1,
        null,
        null,
        1,
        null,
        1,
        11,
        null,
        null,
        null,
        1,
        5,
        null,
        null,
        null
      ],
      "/Users/apprentice/battle-cats/app/controllers/application_controller.rb": [
        1,
        1,
        1,
        null,
        null
      ],
      "/Users/apprentice/battle-cats/app/controllers/sessions_controller.rb": [
        1,
        1,
        1,
        14,
        0,
        null,
        14,
        null,
        null,
        null,
        1,
        8,
        8,
        6,
        6,
        null,
        2,
        2,
        2,
        null,
        null,
        null,
        1,
        1,
        1,
        1,
        null,
        0,
        null,
        null,
        null,
        1,
        null,
        1,
        15,
        null,
        null
      ],
      "/Users/apprentice/battle-cats/app/controllers/users_controller.rb": [
        1,
        1,
        1,
        null,
        1,
        7,
        7,
        null,
        null,
        1,
        10,
        10,
        5,
        5,
        5,
        null,
        5,
        null,
        null,
        null,
        1,
        14,
        14,
        0,
        null,
        null,
        null,
        null,
        1,
        0,
        0,
        0,
        0,
        0,
        null,
        null,
        null,
        null,
        null,
        null,
        1,
        null,
        1,
        14,
        null,
        null,
        1,
        10,
        null,
        null,
        null
      ],
      "/Users/apprentice/battle-cats/app/mailers/user_battle_email_mailer.rb": [
        1,
        1,
        5,
        5,
        null,
        null,
        1,
        0,
        0,
        0,
        0,
        null,
        null
      ],
      "/Users/apprentice/battle-cats/app/mailers/application_mailer.rb": [
        1,
        1,
        1,
        null
      ],
      "/Users/apprentice/battle-cats/app/models/battle.rb": [
        1,
        1,
        1,
        null,
        1,
        null,
        0,
        0,
        null,
        null,
        null,
        1,
        0,
        0,
        0,
        0,
        0,
        0,
        null,
        null,
        null,
        null,
        null,
        1,
        0,
        null,
        null,
        1,
        0,
        0,
        0,
        0,
        0,
        0,
        null,
        null,
        null,
        null,
        1,
        0,
        0,
        null,
        null,
        1,
        0,
        0,
        0,
        0,
        0,
        0,
        null,
        null,
        null,
        null,
        null,
        null,
        1,
        0,
        0,
        0,
        null,
        null,
        null,
        1,
        0,
        0,
        0,
        null,
        null,
        0,
        null,
        null,
        1,
        0,
        0,
        null,
        null,
        1,
        0,
        0,
        0,
        null,
        null,
        null
      ],
      "/Users/apprentice/battle-cats/app/models/application_record.rb": [
        1,
        1,
        null
      ],
      "/Users/apprentice/battle-cats/app/models/pet_battle.rb": [
        1,
        1,
        1,
        null,
        null,
        null,
        null,
        null,
        null
      ],
      "/Users/apprentice/battle-cats/app/models/pet.rb": [
        1,
        null,
        1,
        1,
        1,
        null,
        null,
        1,
        1,
        1,
        1,
        null,
        1,
        null,
        1,
        0,
        0,
        0,
        0,
        null,
        null,
        0,
        null,
        null,
        1,
        0,
        null,
        null
      ],
      "/Users/apprentice/battle-cats/app/models/user.rb": [
        1,
        1,
        1,
        1,
        null,
        1,
        1,
        null,
        null,
        1,
        12,
        null,
        null,
        null,
        null
      ],
      "/Users/apprentice/battle-cats/app/models/vote.rb": [
        1,
        1,
        1,
        null,
        1,
        null
      ]
    },
    "timestamp": 1503511519
  }
}
